Start testing: May 20 17:17 CST
----------------------------------------------------------
1/9 Testing: RoomStateTest.ReadyStartsGame
1/9 Test: RoomStateTest.ReadyStartsGame
Command: "/home/lmx/cpp-game-room/build/tests/game_tests" "--gtest_filter=RoomStateTest.ReadyStartsGame" "--gtest_also_run_disabled_tests"
Directory: /home/lmx/cpp-game-room/build/tests
"RoomStateTest.ReadyStartsGame" start time: May 20 17:17 CST
Output:
----------------------------------------------------------
Running main() from ./googletest/src/gtest_main.cc
Note: Google Test filter = RoomStateTest.ReadyStartsGame
[==========] Running 1 test from 1 test suite.
[----------] Global test environment set-up.
[----------] 1 test from RoomStateTest
[ RUN      ] RoomStateTest.ReadyStartsGame
[       OK ] RoomStateTest.ReadyStartsGame (0 ms)
[----------] 1 test from RoomStateTest (0 ms total)

[----------] Global test environment tear-down
[==========] 1 test from 1 test suite ran. (0 ms total)
[  PASSED  ] 1 test.
<end of output>
Test time =   0.01 sec
----------------------------------------------------------
Test Passed.
"RoomStateTest.ReadyStartsGame" end time: May 20 17:17 CST
"RoomStateTest.ReadyStartsGame" time elapsed: 00:00:00
----------------------------------------------------------

2/9 Testing: MatchQueueTest.PreventDuplicatePush
2/9 Test: MatchQueueTest.PreventDuplicatePush
Command: "/home/lmx/cpp-game-room/build/tests/game_tests" "--gtest_filter=MatchQueueTest.PreventDuplicatePush" "--gtest_also_run_disabled_tests"
Directory: /home/lmx/cpp-game-room/build/tests
"MatchQueueTest.PreventDuplicatePush" start time: May 20 17:17 CST
Output:
----------------------------------------------------------
Running main() from ./googletest/src/gtest_main.cc
Note: Google Test filter = MatchQueueTest.PreventDuplicatePush
[==========] Running 1 test from 1 test suite.
[----------] Global test environment set-up.
[----------] 1 test from MatchQueueTest
[ RUN      ] MatchQueueTest.PreventDuplicatePush
[       OK ] MatchQueueTest.PreventDuplicatePush (0 ms)
[----------] 1 test from MatchQueueTest (0 ms total)

[----------] Global test environment tear-down
[==========] 1 test from 1 test suite ran. (0 ms total)
[  PASSED  ] 1 test.
<end of output>
Test time =   0.00 sec
----------------------------------------------------------
Test Passed.
"MatchQueueTest.PreventDuplicatePush" end time: May 20 17:17 CST
"MatchQueueTest.PreventDuplicatePush" time elapsed: 00:00:00
----------------------------------------------------------

3/9 Testing: MatchQueueTest.RemoveAndPopN
3/9 Test: MatchQueueTest.RemoveAndPopN
Command: "/home/lmx/cpp-game-room/build/tests/game_tests" "--gtest_filter=MatchQueueTest.RemoveAndPopN" "--gtest_also_run_disabled_tests"
Directory: /home/lmx/cpp-game-room/build/tests
"MatchQueueTest.RemoveAndPopN" start time: May 20 17:17 CST
Output:
----------------------------------------------------------
Running main() from ./googletest/src/gtest_main.cc
Note: Google Test filter = MatchQueueTest.RemoveAndPopN
[==========] Running 1 test from 1 test suite.
[----------] Global test environment set-up.
[----------] 1 test from MatchQueueTest
[ RUN      ] MatchQueueTest.RemoveAndPopN
[       OK ] MatchQueueTest.RemoveAndPopN (0 ms)
[----------] 1 test from MatchQueueTest (0 ms total)

[----------] Global test environment tear-down
[==========] 1 test from 1 test suite ran. (0 ms total)
[  PASSED  ] 1 test.
<end of output>
Test time =   0.00 sec
----------------------------------------------------------
Test Passed.
"MatchQueueTest.RemoveAndPopN" end time: May 20 17:17 CST
"MatchQueueTest.RemoveAndPopN" time elapsed: 00:00:00
----------------------------------------------------------

4/9 Testing: ProtocolTest.EncodeDecodeOnePacket
4/9 Test: ProtocolTest.EncodeDecodeOnePacket
Command: "/home/lmx/cpp-game-room/build/tests/game_tests" "--gtest_filter=ProtocolTest.EncodeDecodeOnePacket" "--gtest_also_run_disabled_tests"
Directory: /home/lmx/cpp-game-room/build/tests
"ProtocolTest.EncodeDecodeOnePacket" start time: May 20 17:17 CST
Output:
----------------------------------------------------------
Running main() from ./googletest/src/gtest_main.cc
Note: Google Test filter = ProtocolTest.EncodeDecodeOnePacket
[==========] Running 1 test from 1 test suite.
[----------] Global test environment set-up.
[----------] 1 test from ProtocolTest
[ RUN      ] ProtocolTest.EncodeDecodeOnePacket
[       OK ] ProtocolTest.EncodeDecodeOnePacket (0 ms)
[----------] 1 test from ProtocolTest (0 ms total)

[----------] Global test environment tear-down
[==========] 1 test from 1 test suite ran. (0 ms total)
[  PASSED  ] 1 test.
<end of output>
Test time =   0.00 sec
----------------------------------------------------------
Test Passed.
"ProtocolTest.EncodeDecodeOnePacket" end time: May 20 17:17 CST
"ProtocolTest.EncodeDecodeOnePacket" time elapsed: 00:00:00
----------------------------------------------------------

5/9 Testing: ProtocolTest.HalfPacketWaitsForMoreData
5/9 Test: ProtocolTest.HalfPacketWaitsForMoreData
Command: "/home/lmx/cpp-game-room/build/tests/game_tests" "--gtest_filter=ProtocolTest.HalfPacketWaitsForMoreData" "--gtest_also_run_disabled_tests"
Directory: /home/lmx/cpp-game-room/build/tests
"ProtocolTest.HalfPacketWaitsForMoreData" start time: May 20 17:17 CST
Output:
----------------------------------------------------------
Running main() from ./googletest/src/gtest_main.cc
Note: Google Test filter = ProtocolTest.HalfPacketWaitsForMoreData
[==========] Running 1 test from 1 test suite.
[----------] Global test environment set-up.
[----------] 1 test from ProtocolTest
[ RUN      ] ProtocolTest.HalfPacketWaitsForMoreData
[       OK ] ProtocolTest.HalfPacketWaitsForMoreData (0 ms)
[----------] 1 test from ProtocolTest (0 ms total)

[----------] Global test environment tear-down
[==========] 1 test from 1 test suite ran. (0 ms total)
[  PASSED  ] 1 test.
<end of output>
Test time =   0.00 sec
----------------------------------------------------------
Test Passed.
"ProtocolTest.HalfPacketWaitsForMoreData" end time: May 20 17:17 CST
"ProtocolTest.HalfPacketWaitsForMoreData" time elapsed: 00:00:00
----------------------------------------------------------

6/9 Testing: SettlementTest.SettlementLogIsIdempotentByBattlePlayer
6/9 Test: SettlementTest.SettlementLogIsIdempotentByBattlePlayer
Command: "/home/lmx/cpp-game-room/build/tests/game_tests" "--gtest_filter=SettlementTest.SettlementLogIsIdempotentByBattlePlayer" "--gtest_also_run_disabled_tests"
Directory: /home/lmx/cpp-game-room/build/tests
"SettlementTest.SettlementLogIsIdempotentByBattlePlayer" start time: May 20 17:17 CST
Output:
----------------------------------------------------------
Running main() from ./googletest/src/gtest_main.cc
Note: Google Test filter = SettlementTest.SettlementLogIsIdempotentByBattlePlayer
[==========] Running 1 test from 1 test suite.
[----------] Global test environment set-up.
[----------] 1 test from SettlementTest
[ RUN      ] SettlementTest.SettlementLogIsIdempotentByBattlePlayer
[       OK ] SettlementTest.SettlementLogIsIdempotentByBattlePlayer (0 ms)
[----------] 1 test from SettlementTest (0 ms total)

[----------] Global test environment tear-down
[==========] 1 test from 1 test suite ran. (0 ms total)
[  PASSED  ] 1 test.
<end of output>
Test time =   0.00 sec
----------------------------------------------------------
Test Passed.
"SettlementTest.SettlementLogIsIdempotentByBattlePlayer" end time: May 20 17:17 CST
"SettlementTest.SettlementLogIsIdempotentByBattlePlayer" time elapsed: 00:00:00
----------------------------------------------------------

7/9 Testing: SettlementTest.BattleHasOneRowAndPlayerResultsArePerPlayer
7/9 Test: SettlementTest.BattleHasOneRowAndPlayerResultsArePerPlayer
Command: "/home/lmx/cpp-game-room/build/tests/game_tests" "--gtest_filter=SettlementTest.BattleHasOneRowAndPlayerResultsArePerPlayer" "--gtest_also_run_disabled_tests"
Directory: /home/lmx/cpp-game-room/build/tests
"SettlementTest.BattleHasOneRowAndPlayerResultsArePerPlayer" start time: May 20 17:17 CST
Output:
----------------------------------------------------------
Running main() from ./googletest/src/gtest_main.cc
Note: Google Test filter = SettlementTest.BattleHasOneRowAndPlayerResultsArePerPlayer
[==========] Running 1 test from 1 test suite.
[----------] Global test environment set-up.
[----------] 1 test from SettlementTest
[ RUN      ] SettlementTest.BattleHasOneRowAndPlayerResultsArePerPlayer
[       OK ] SettlementTest.BattleHasOneRowAndPlayerResultsArePerPlayer (0 ms)
[----------] 1 test from SettlementTest (0 ms total)

[----------] Global test environment tear-down
[==========] 1 test from 1 test suite ran. (0 ms total)
[  PASSED  ] 1 test.
<end of output>
Test time =   0.00 sec
----------------------------------------------------------
Test Passed.
"SettlementTest.BattleHasOneRowAndPlayerResultsArePerPlayer" end time: May 20 17:17 CST
"SettlementTest.BattleHasOneRowAndPlayerResultsArePerPlayer" time elapsed: 00:00:00
----------------------------------------------------------

8/9 Testing: SettlementTest.UpdateRankAfterSettle
8/9 Test: SettlementTest.UpdateRankAfterSettle
Command: "/home/lmx/cpp-game-room/build/tests/game_tests" "--gtest_filter=SettlementTest.UpdateRankAfterSettle" "--gtest_also_run_disabled_tests"
Directory: /home/lmx/cpp-game-room/build/tests
"SettlementTest.UpdateRankAfterSettle" start time: May 20 17:17 CST
Output:
----------------------------------------------------------
Running main() from ./googletest/src/gtest_main.cc
Note: Google Test filter = SettlementTest.UpdateRankAfterSettle
[==========] Running 1 test from 1 test suite.
[----------] Global test environment set-up.
[----------] 1 test from SettlementTest
[ RUN      ] SettlementTest.UpdateRankAfterSettle
[2026-05-20 17:17:33.514] [info] settled battle 1000000, room 1, winner 10
/home/lmx/cpp-game-room/tests/test_settlement.cpp:56: Failure
Value of: items.empty()
  Actual: true
Expected: false
[  FAILED  ] SettlementTest.UpdateRankAfterSettle (0 ms)
[----------] 1 test from SettlementTest (0 ms total)

[----------] Global test environment tear-down
[==========] 1 test from 1 test suite ran. (0 ms total)
[  PASSED  ] 0 tests.
[  FAILED  ] 1 test, listed below:
[  FAILED  ] SettlementTest.UpdateRankAfterSettle

 1 FAILED TEST
<end of output>
Test time =   0.00 sec
----------------------------------------------------------
Test Failed.
"SettlementTest.UpdateRankAfterSettle" end time: May 20 17:17 CST
"SettlementTest.UpdateRankAfterSettle" time elapsed: 00:00:00
----------------------------------------------------------

9/9 Testing: RankServiceTest.GetTopNByScoreDesc
9/9 Test: RankServiceTest.GetTopNByScoreDesc
Command: "/home/lmx/cpp-game-room/build/tests/game_tests" "--gtest_filter=RankServiceTest.GetTopNByScoreDesc" "--gtest_also_run_disabled_tests"
Directory: /home/lmx/cpp-game-room/build/tests
"RankServiceTest.GetTopNByScoreDesc" start time: May 20 17:17 CST
Output:
----------------------------------------------------------
Running main() from ./googletest/src/gtest_main.cc
Note: Google Test filter = RankServiceTest.GetTopNByScoreDesc
[==========] Running 1 test from 1 test suite.
[----------] Global test environment set-up.
[----------] 1 test from RankServiceTest
[ RUN      ] RankServiceTest.GetTopNByScoreDesc
/home/lmx/cpp-game-room/tests/test_rank_service.cpp:16: Failure
Expected equality of these values:
  items.size()
    Which is: 0
  3u
    Which is: 3
[  FAILED  ] RankServiceTest.GetTopNByScoreDesc (0 ms)
[----------] 1 test from RankServiceTest (0 ms total)

[----------] Global test environment tear-down
[==========] 1 test from 1 test suite ran. (0 ms total)
[  PASSED  ] 0 tests.
[  FAILED  ] 1 test, listed below:
[  FAILED  ] RankServiceTest.GetTopNByScoreDesc

 1 FAILED TEST
<end of output>
Test time =   0.00 sec
----------------------------------------------------------
Test Failed.
"RankServiceTest.GetTopNByScoreDesc" end time: May 20 17:17 CST
"RankServiceTest.GetTopNByScoreDesc" time elapsed: 00:00:00
----------------------------------------------------------

End testing: May 20 17:17 CST
