Start testing: May 26 21:40 CST
----------------------------------------------------------
1/9 Testing: RoomStateTest.ReadyStartsGame
1/9 Test: RoomStateTest.ReadyStartsGame
Command: "/home/lmx/cpp-game-room/build/tests/game_tests" "--gtest_filter=RoomStateTest.ReadyStartsGame" "--gtest_also_run_disabled_tests"
Directory: /home/lmx/cpp-game-room/build/tests
"RoomStateTest.ReadyStartsGame" start time: May 26 21:40 CST
Output:
----------------------------------------------------------
Running main() from ./googletest/src/gtest_main.cc
Note: Google Test filter = RoomStateTest.ReadyStartsGame
[==========] Running 1 test from 1 test suite.
[----------] Global test environment set-up.
[----------] 1 test from RoomStateTest
[ RUN      ] RoomStateTest.ReadyStartsGame
[       OK ] RoomStateTest.ReadyStartsGame (0 ms)
[----------] 1 test from RoomStateTest (0 ms total)

[----------] Global test environment tear-down
[==========] 1 test from 1 test suite ran. (0 ms total)
[  PASSED  ] 1 test.
<end of output>
Test time =   0.01 sec
----------------------------------------------------------
Test Passed.
"RoomStateTest.ReadyStartsGame" end time: May 26 21:40 CST
"RoomStateTest.ReadyStartsGame" time elapsed: 00:00:00
----------------------------------------------------------

2/9 Testing: MatchQueueTest.PreventDuplicatePush
2/9 Test: MatchQueueTest.PreventDuplicatePush
Command: "/home/lmx/cpp-game-room/build/tests/game_tests" "--gtest_filter=MatchQueueTest.PreventDuplicatePush" "--gtest_also_run_disabled_tests"
Directory: /home/lmx/cpp-game-room/build/tests
"MatchQueueTest.PreventDuplicatePush" start time: May 26 21:40 CST
Output:
----------------------------------------------------------
Running main() from ./googletest/src/gtest_main.cc
Note: Google Test filter = MatchQueueTest.PreventDuplicatePush
[==========] Running 1 test from 1 test suite.
[----------] Global test environment set-up.
[----------] 1 test from MatchQueueTest
[ RUN      ] MatchQueueTest.PreventDuplicatePush
[       OK ] MatchQueueTest.PreventDuplicatePush (0 ms)
[----------] 1 test from MatchQueueTest (0 ms total)

[----------] Global test environment tear-down
[==========] 1 test from 1 test suite ran. (0 ms total)
[  PASSED  ] 1 test.
<end of output>
Test time =   0.01 sec
----------------------------------------------------------
Test Passed.
"MatchQueueTest.PreventDuplicatePush" end time: May 26 21:40 CST
"MatchQueueTest.PreventDuplicatePush" time elapsed: 00:00:00
----------------------------------------------------------

3/9 Testing: MatchQueueTest.RemoveAndPopN
3/9 Test: MatchQueueTest.RemoveAndPopN
Command: "/home/lmx/cpp-game-room/build/tests/game_tests" "--gtest_filter=MatchQueueTest.RemoveAndPopN" "--gtest_also_run_disabled_tests"
Directory: /home/lmx/cpp-game-room/build/tests
"MatchQueueTest.RemoveAndPopN" start time: May 26 21:40 CST
Output:
----------------------------------------------------------
Running main() from ./googletest/src/gtest_main.cc
Note: Google Test filter = MatchQueueTest.RemoveAndPopN
[==========] Running 1 test from 1 test suite.
[----------] Global test environment set-up.
[----------] 1 test from MatchQueueTest
[ RUN      ] MatchQueueTest.RemoveAndPopN
[       OK ] MatchQueueTest.RemoveAndPopN (0 ms)
[----------] 1 test from MatchQueueTest (0 ms total)

[----------] Global test environment tear-down
[==========] 1 test from 1 test suite ran. (0 ms total)
[  PASSED  ] 1 test.
<end of output>
Test time =   0.01 sec
----------------------------------------------------------
Test Passed.
"MatchQueueTest.RemoveAndPopN" end time: May 26 21:40 CST
"MatchQueueTest.RemoveAndPopN" time elapsed: 00:00:00
----------------------------------------------------------

4/9 Testing: ProtocolTest.EncodeDecodeOnePacket
4/9 Test: ProtocolTest.EncodeDecodeOnePacket
Command: "/home/lmx/cpp-game-room/build/tests/game_tests" "--gtest_filter=ProtocolTest.EncodeDecodeOnePacket" "--gtest_also_run_disabled_tests"
Directory: /home/lmx/cpp-game-room/build/tests
"ProtocolTest.EncodeDecodeOnePacket" start time: May 26 21:40 CST
Output:
----------------------------------------------------------
Running main() from ./googletest/src/gtest_main.cc
Note: Google Test filter = ProtocolTest.EncodeDecodeOnePacket
[==========] Running 1 test from 1 test suite.
[----------] Global test environment set-up.
[----------] 1 test from ProtocolTest
[ RUN      ] ProtocolTest.EncodeDecodeOnePacket
[       OK ] ProtocolTest.EncodeDecodeOnePacket (0 ms)
[----------] 1 test from ProtocolTest (0 ms total)

[----------] Global test environment tear-down
[==========] 1 test from 1 test suite ran. (0 ms total)
[  PASSED  ] 1 test.
<end of output>
Test time =   0.01 sec
----------------------------------------------------------
Test Passed.
"ProtocolTest.EncodeDecodeOnePacket" end time: May 26 21:40 CST
"ProtocolTest.EncodeDecodeOnePacket" time elapsed: 00:00:00
----------------------------------------------------------

5/9 Testing: ProtocolTest.HalfPacketWaitsForMoreData
5/9 Test: ProtocolTest.HalfPacketWaitsForMoreData
Command: "/home/lmx/cpp-game-room/build/tests/game_tests" "--gtest_filter=ProtocolTest.HalfPacketWaitsForMoreData" "--gtest_also_run_disabled_tests"
Directory: /home/lmx/cpp-game-room/build/tests
"ProtocolTest.HalfPacketWaitsForMoreData" start time: May 26 21:40 CST
Output:
----------------------------------------------------------
Running main() from ./googletest/src/gtest_main.cc
Note: Google Test filter = ProtocolTest.HalfPacketWaitsForMoreData
[==========] Running 1 test from 1 test suite.
[----------] Global test environment set-up.
[----------] 1 test from ProtocolTest
[ RUN      ] ProtocolTest.HalfPacketWaitsForMoreData
[       OK ] ProtocolTest.HalfPacketWaitsForMoreData (0 ms)
[----------] 1 test from ProtocolTest (0 ms total)

[----------] Global test environment tear-down
[==========] 1 test from 1 test suite ran. (0 ms total)
[  PASSED  ] 1 test.
<end of output>
Test time =   0.01 sec
----------------------------------------------------------
Test Passed.
"ProtocolTest.HalfPacketWaitsForMoreData" end time: May 26 21:40 CST
"ProtocolTest.HalfPacketWaitsForMoreData" time elapsed: 00:00:00
----------------------------------------------------------

6/9 Testing: SettlementTest.SettlementLogIsIdempotentByBattlePlayer
6/9 Test: SettlementTest.SettlementLogIsIdempotentByBattlePlayer
Command: "/home/lmx/cpp-game-room/build/tests/game_tests" "--gtest_filter=SettlementTest.SettlementLogIsIdempotentByBattlePlayer" "--gtest_also_run_disabled_tests"
Directory: /home/lmx/cpp-game-room/build/tests
"SettlementTest.SettlementLogIsIdempotentByBattlePlayer" start time: May 26 21:40 CST
Output:
----------------------------------------------------------
Running main() from ./googletest/src/gtest_main.cc
Note: Google Test filter = SettlementTest.SettlementLogIsIdempotentByBattlePlayer
[==========] Running 1 test from 1 test suite.
[----------] Global test environment set-up.
[----------] 1 test from SettlementTest
[ RUN      ] SettlementTest.SettlementLogIsIdempotentByBattlePlayer
[2026-05-26 21:40:56.969] [error] mysql connect failed: Can't create TCP/IP socket (1)
/home/lmx/cpp-game-room/tests/test_settlement.cpp:30: Skipped
MySQL is not available
[  SKIPPED ] SettlementTest.SettlementLogIsIdempotentByBattlePlayer (1 ms)
[----------] 1 test from SettlementTest (1 ms total)

[----------] Global test environment tear-down
[==========] 1 test from 1 test suite ran. (1 ms total)
[  PASSED  ] 0 tests.
[  SKIPPED ] 1 test, listed below:
[  SKIPPED ] SettlementTest.SettlementLogIsIdempotentByBattlePlayer
<end of output>
Test time =   0.01 sec
----------------------------------------------------------
Test Pass Reason:
Skip regular expression found in output. Regex=[\[  SKIPPED \]]
"SettlementTest.SettlementLogIsIdempotentByBattlePlayer" end time: May 26 21:40 CST
"SettlementTest.SettlementLogIsIdempotentByBattlePlayer" time elapsed: 00:00:00
----------------------------------------------------------

7/9 Testing: SettlementTest.BattleHasOneRowAndPlayerResultsArePerPlayer
7/9 Test: SettlementTest.BattleHasOneRowAndPlayerResultsArePerPlayer
Command: "/home/lmx/cpp-game-room/build/tests/game_tests" "--gtest_filter=SettlementTest.BattleHasOneRowAndPlayerResultsArePerPlayer" "--gtest_also_run_disabled_tests"
Directory: /home/lmx/cpp-game-room/build/tests
"SettlementTest.BattleHasOneRowAndPlayerResultsArePerPlayer" start time: May 26 21:40 CST
Output:
----------------------------------------------------------
Running main() from ./googletest/src/gtest_main.cc
Note: Google Test filter = SettlementTest.BattleHasOneRowAndPlayerResultsArePerPlayer
[==========] Running 1 test from 1 test suite.
[----------] Global test environment set-up.
[----------] 1 test from SettlementTest
[ RUN      ] SettlementTest.BattleHasOneRowAndPlayerResultsArePerPlayer
[2026-05-26 21:40:56.976] [error] mysql connect failed: Can't create TCP/IP socket (1)
/home/lmx/cpp-game-room/tests/test_settlement.cpp:46: Skipped
MySQL is not available
[  SKIPPED ] SettlementTest.BattleHasOneRowAndPlayerResultsArePerPlayer (1 ms)
[----------] 1 test from SettlementTest (1 ms total)

[----------] Global test environment tear-down
[==========] 1 test from 1 test suite ran. (1 ms total)
[  PASSED  ] 0 tests.
[  SKIPPED ] 1 test, listed below:
[  SKIPPED ] SettlementTest.BattleHasOneRowAndPlayerResultsArePerPlayer
<end of output>
Test time =   0.01 sec
----------------------------------------------------------
Test Pass Reason:
Skip regular expression found in output. Regex=[\[  SKIPPED \]]
"SettlementTest.BattleHasOneRowAndPlayerResultsArePerPlayer" end time: May 26 21:40 CST
"SettlementTest.BattleHasOneRowAndPlayerResultsArePerPlayer" time elapsed: 00:00:00
----------------------------------------------------------

8/9 Testing: SettlementTest.UpdateRankAfterSettle
8/9 Test: SettlementTest.UpdateRankAfterSettle
Command: "/home/lmx/cpp-game-room/build/tests/game_tests" "--gtest_filter=SettlementTest.UpdateRankAfterSettle" "--gtest_also_run_disabled_tests"
Directory: /home/lmx/cpp-game-room/build/tests
"SettlementTest.UpdateRankAfterSettle" start time: May 26 21:40 CST
Output:
----------------------------------------------------------
Running main() from ./googletest/src/gtest_main.cc
Note: Google Test filter = SettlementTest.UpdateRankAfterSettle
[==========] Running 1 test from 1 test suite.
[----------] Global test environment set-up.
[----------] 1 test from SettlementTest
[ RUN      ] SettlementTest.UpdateRankAfterSettle
[2026-05-26 21:40:56.984] [error] mysql connect failed: Can't create TCP/IP socket (1)
/home/lmx/cpp-game-room/tests/test_settlement.cpp:84: Skipped
MySQL is not available
[  SKIPPED ] SettlementTest.UpdateRankAfterSettle (1 ms)
[----------] 1 test from SettlementTest (1 ms total)

[----------] Global test environment tear-down
[==========] 1 test from 1 test suite ran. (1 ms total)
[  PASSED  ] 0 tests.
[  SKIPPED ] 1 test, listed below:
[  SKIPPED ] SettlementTest.UpdateRankAfterSettle
<end of output>
Test time =   0.01 sec
----------------------------------------------------------
Test Pass Reason:
Skip regular expression found in output. Regex=[\[  SKIPPED \]]
"SettlementTest.UpdateRankAfterSettle" end time: May 26 21:40 CST
"SettlementTest.UpdateRankAfterSettle" time elapsed: 00:00:00
----------------------------------------------------------

9/9 Testing: RankServiceTest.GetTopNByScoreDesc
9/9 Test: RankServiceTest.GetTopNByScoreDesc
Command: "/home/lmx/cpp-game-room/build/tests/game_tests" "--gtest_filter=RankServiceTest.GetTopNByScoreDesc" "--gtest_also_run_disabled_tests"
Directory: /home/lmx/cpp-game-room/build/tests
"RankServiceTest.GetTopNByScoreDesc" start time: May 26 21:40 CST
Output:
----------------------------------------------------------
Running main() from ./googletest/src/gtest_main.cc
Note: Google Test filter = RankServiceTest.GetTopNByScoreDesc
[==========] Running 1 test from 1 test suite.
[----------] Global test environment set-up.
[----------] 1 test from RankServiceTest
[ RUN      ] RankServiceTest.GetTopNByScoreDesc
[2026-05-26 21:40:56.990] [error] redis connect failed: Can't create socket: Operation not permitted
/home/lmx/cpp-game-room/tests/test_rank_service.cpp:27: Skipped
Redis is not available
[  SKIPPED ] RankServiceTest.GetTopNByScoreDesc (0 ms)
[----------] 1 test from RankServiceTest (0 ms total)

[----------] Global test environment tear-down
[==========] 1 test from 1 test suite ran. (0 ms total)
[  PASSED  ] 0 tests.
[  SKIPPED ] 1 test, listed below:
[  SKIPPED ] RankServiceTest.GetTopNByScoreDesc
<end of output>
Test time =   0.01 sec
----------------------------------------------------------
Test Pass Reason:
Skip regular expression found in output. Regex=[\[  SKIPPED \]]
"RankServiceTest.GetTopNByScoreDesc" end time: May 26 21:40 CST
"RankServiceTest.GetTopNByScoreDesc" time elapsed: 00:00:00
----------------------------------------------------------

End testing: May 26 21:40 CST
